<?xml version="1.0" encoding="UTF-8"?>
<testsuite name="Amazon category feature" tests="1" skipped="0" failures="0" errors="0" timestamp="2022-05-16T00:52:54" hostname="NISHI" time="7.913">
  <properties/>
  <testcase name="Search hats for men category" classname="Amazon category feature" time="7.913"/>
  <system-out><![CDATA[]]></system-out>
  <system-err><![CDATA[Starting ChromeDriver 101.0.4951.41 (93c720db8323b3ec10d056025ab95c23a31997c9-refs/branch-heads/4951@{#904}) on port 59929
Only local connections are allowed.
Please see https://chromedriver.chromium.org/security-considerations for suggestions on keeping ChromeDriver safe.
ChromeDriver was started successfully.
May 15, 2022 7:52:55 PM org.openqa.selenium.remote.ProtocolHandshake createSession
INFO: Detected dialect: W3C
May 15, 2022 7:52:55 PM org.openqa.selenium.devtools.CdpVersionFinder findNearestMatch
INFO: Found exact CDP implementation for version 101
]]></system-err>
</testsuite>
